2026-04-28 16:06:54,128 - INFO - POST /auth/register completed in 2.94s
2026-04-28 16:06:54,129 - INFO - HTTP Request: POST http://testserver/auth/register "HTTP/1.1 400 Bad Request"
2026-04-28 16:06:57,077 - INFO - POST /auth/login completed in 2.95s
2026-04-28 16:06:57,078 - INFO - HTTP Request: POST http://testserver/auth/login "HTTP/1.1 401 Unauthorized"
2026-04-28 16:06:57,219 - INFO - POST /orders/checkout completed in 0.00s
2026-04-28 16:06:57,220 - INFO - HTTP Request: POST http://testserver/orders/checkout "HTTP/1.1 401 Unauthorized"
2026-04-28 16:06:57,224 - INFO - GET /products completed in 0.00s
2026-04-28 16:06:57,225 - INFO - HTTP Request: GET http://testserver/products "HTTP/1.1 307 Temporary Redirect"
2026-04-28 16:09:25,232 - INFO - POST /auth/register completed in 2.95s
2026-04-28 16:09:25,233 - INFO - HTTP Request: POST http://testserver/auth/register "HTTP/1.1 400 Bad Request"
2026-04-28 16:09:28,173 - INFO - POST /auth/login completed in 2.94s
2026-04-28 16:09:28,173 - INFO - HTTP Request: POST http://testserver/auth/login "HTTP/1.1 401 Unauthorized"
2026-04-28 16:09:28,338 - INFO - POST /orders/checkout completed in 0.00s
2026-04-28 16:09:28,338 - INFO - HTTP Request: POST http://testserver/orders/checkout "HTTP/1.1 401 Unauthorized"
2026-04-28 16:09:28,341 - INFO - GET /products completed in 0.00s
2026-04-28 16:09:28,341 - INFO - HTTP Request: GET http://testserver/products "HTTP/1.1 307 Temporary Redirect"
2026-04-28 16:24:12,975 - INFO - POST /auth/register completed in 2.95s
2026-04-28 16:24:12,976 - INFO - HTTP Request: POST http://testserver/auth/register "HTTP/1.1 400 Bad Request"
2026-04-28 16:24:15,897 - INFO - POST /auth/login completed in 2.92s
2026-04-28 16:24:15,897 - INFO - HTTP Request: POST http://testserver/auth/login "HTTP/1.1 401 Unauthorized"
2026-04-28 16:24:16,064 - INFO - POST /orders/checkout completed in 0.00s
2026-04-28 16:24:16,065 - INFO - HTTP Request: POST http://testserver/orders/checkout "HTTP/1.1 401 Unauthorized"
2026-04-28 16:24:16,068 - INFO - GET /products completed in 0.00s
2026-04-28 16:24:16,068 - INFO - HTTP Request: GET http://testserver/products "HTTP/1.1 307 Temporary Redirect"
2026-04-28 16:26:25,368 - INFO - POST /auth/register completed in 2.96s
2026-04-28 16:26:25,369 - INFO - HTTP Request: POST http://testserver/auth/register "HTTP/1.1 400 Bad Request"
2026-04-28 16:26:28,308 - INFO - POST /auth/login completed in 2.93s
2026-04-28 16:26:28,310 - INFO - HTTP Request: POST http://testserver/auth/login "HTTP/1.1 401 Unauthorized"
2026-04-28 16:26:31,383 - INFO - POST /auth/login completed in 2.92s
2026-04-28 16:26:31,384 - INFO - HTTP Request: POST http://testserver/auth/login "HTTP/1.1 401 Unauthorized"
2026-04-28 16:26:34,333 - INFO - POST /auth/login completed in 2.94s
2026-04-28 16:26:34,334 - INFO - HTTP Request: POST http://testserver/auth/login "HTTP/1.1 401 Unauthorized"
2026-04-28 16:26:37,265 - INFO - POST /auth/login completed in 2.93s
2026-04-28 16:26:37,266 - INFO - HTTP Request: POST http://testserver/auth/login "HTTP/1.1 401 Unauthorized"
2026-04-28 16:27:47,505 - INFO - POST /auth/register completed in 2.96s
2026-04-28 16:27:47,507 - INFO - HTTP Request: POST http://testserver/auth/register "HTTP/1.1 400 Bad Request"
2026-04-28 16:27:50,429 - INFO - POST /auth/login completed in 2.92s
2026-04-28 16:27:50,429 - INFO - HTTP Request: POST http://testserver/auth/login "HTTP/1.1 401 Unauthorized"
2026-04-28 16:27:53,523 - INFO - POST /auth/login completed in 2.93s
2026-04-28 16:27:53,524 - INFO - HTTP Request: POST http://testserver/auth/login "HTTP/1.1 401 Unauthorized"
2026-04-28 16:27:56,473 - INFO - POST /auth/login completed in 2.94s
2026-04-28 16:27:56,474 - INFO - HTTP Request: POST http://testserver/auth/login "HTTP/1.1 401 Unauthorized"
2026-04-28 16:27:59,386 - INFO - POST /auth/login completed in 2.91s
2026-04-28 16:27:59,387 - INFO - HTTP Request: POST http://testserver/auth/login "HTTP/1.1 401 Unauthorized"
